mode: set
github.com/cdvelop/tinytime/frontWasm.go:18.37,22.2 1 1
github.com/cdvelop/tinytime/frontWasm.go:24.40,29.2 3 1
github.com/cdvelop/tinytime/frontWasm.go:31.52,32.27 1 1
github.com/cdvelop/tinytime/frontWasm.go:33.13,35.51 2 1
github.com/cdvelop/tinytime/frontWasm.go:36.14,38.49 1 1
github.com/cdvelop/tinytime/frontWasm.go:38.49,40.4 1 1
github.com/cdvelop/tinytime/frontWasm.go:42.2,42.11 1 1
github.com/cdvelop/tinytime/frontWasm.go:45.52,46.27 1 1
github.com/cdvelop/tinytime/frontWasm.go:47.13,52.56 5 1
github.com/cdvelop/tinytime/frontWasm.go:53.13,56.42 3 1
github.com/cdvelop/tinytime/frontWasm.go:57.14,58.25 1 1
github.com/cdvelop/tinytime/frontWasm.go:58.25,60.4 1 1
github.com/cdvelop/tinytime/frontWasm.go:62.2,62.11 1 1
github.com/cdvelop/tinytime/frontWasm.go:65.56,66.27 1 1
github.com/cdvelop/tinytime/frontWasm.go:67.13,70.38 3 1
github.com/cdvelop/tinytime/frontWasm.go:71.14,73.97 1 1
github.com/cdvelop/tinytime/frontWasm.go:73.97,75.4 1 1
github.com/cdvelop/tinytime/frontWasm.go:77.2,77.11 1 1
github.com/cdvelop/tinytime/frontWasm.go:80.61,81.27 1 1
github.com/cdvelop/tinytime/frontWasm.go:82.13,85.38 3 1
github.com/cdvelop/tinytime/frontWasm.go:86.14,88.81 1 1
github.com/cdvelop/tinytime/frontWasm.go:88.81,90.4 1 1
github.com/cdvelop/tinytime/frontWasm.go:92.2,92.11 1 1
github.com/cdvelop/tinytime/frontWasm.go:95.64,97.66 1 1
github.com/cdvelop/tinytime/frontWasm.go:97.66,99.3 1 1
github.com/cdvelop/tinytime/frontWasm.go:101.2,102.56 2 1
github.com/cdvelop/tinytime/frontWasm.go:102.56,104.3 1 0
github.com/cdvelop/tinytime/frontWasm.go:107.2,111.25 5 1
github.com/cdvelop/tinytime/frontWasm.go:111.25,113.3 1 1
github.com/cdvelop/tinytime/frontWasm.go:115.2,116.33 2 1
github.com/cdvelop/tinytime/frontWasm.go:119.64,121.2 1 1
github.com/cdvelop/tinytime/frontWasm.go:123.77,124.23 1 1
github.com/cdvelop/tinytime/frontWasm.go:124.23,126.3 1 1
github.com/cdvelop/tinytime/frontWasm.go:127.2,129.56 3 1
github.com/cdvelop/tinytime/frontWasm.go:129.56,131.3 1 1
github.com/cdvelop/tinytime/frontWasm.go:132.2,133.33 2 1
github.com/cdvelop/tinytime/frontWasm.go:136.48,140.2 3 1
github.com/cdvelop/tinytime/frontWasm.go:142.47,144.2 1 1
github.com/cdvelop/tinytime/frontWasm.go:146.49,148.2 1 1
github.com/cdvelop/tinytime/frontWasm.go:150.59,152.2 1 1
github.com/cdvelop/tinytime/frontWasm.go:162.34,163.16 1 1
github.com/cdvelop/tinytime/frontWasm.go:163.16,165.3 1 1
github.com/cdvelop/tinytime/frontWasm.go:166.2,169.13 4 1
github.com/cdvelop/tinytime/frontWasm.go:172.29,173.16 1 1
github.com/cdvelop/tinytime/frontWasm.go:173.16,175.3 1 1
github.com/cdvelop/tinytime/frontWasm.go:176.2,178.17 3 1
github.com/cdvelop/tinytime/frontWasm.go:178.17,180.3 1 1
github.com/cdvelop/tinytime/frontWasm.go:183.67,189.65 2 1
github.com/cdvelop/tinytime/frontWasm.go:189.65,192.3 2 0
github.com/cdvelop/tinytime/frontWasm.go:194.2,195.11 2 1
github.com/cdvelop/tinytime/shared.go:8.47,10.20 2 1
github.com/cdvelop/tinytime/shared.go:10.20,12.3 1 1
github.com/cdvelop/tinytime/shared.go:13.2,14.43 2 1
github.com/cdvelop/tinytime/shared.go:14.43,16.3 1 1
github.com/cdvelop/tinytime/shared.go:17.2,18.47 2 1
github.com/cdvelop/tinytime/shared.go:18.47,20.3 1 1
github.com/cdvelop/tinytime/shared.go:21.2,21.39 1 1
github.com/cdvelop/tinytime/shared.go:25.42,29.2 2 1
